Using pre-set license
Built from '2022.3/staging' branch; Version is '2022.3.43f1 (85497d293fa1) revision 8735101'; Using compiler version '192829333'; Build Type 'Release'
OS: 'Windows 10  (10.0.19045) 64bit Enterprise' Language: 'en' Physical Memory: 32493 MB
BatchMode: 1, IsHumanControllingUs: 0, StartBugReporterOnCrash: 0, Is64bit: 1, IsPro: 1

COMMAND LINE ARGUMENTS:
C:\Program Files\Unity\Hub\Editor\2022.3.43f1\Editor\Unity.exe
-adb2
-batchMode
-noUpm
-name
AssetImportWorker1
-projectPath
C:/Users/dpal6/SCHOOL/SCHOOL/rollaball
-logFile
Logs/AssetImportWorker1.log
-srvPort
55542
Successfully changed project path to: C:/Users/dpal6/SCHOOL/SCHOOL/rollaball
C:/Users/dpal6/SCHOOL/SCHOOL/rollaball
[UnityMemory] Configuration Parameters - Can be set up in boot.config
    "memorysetup-bucket-allocator-granularity=16"
    "memorysetup-bucket-allocator-bucket-count=8"
    "memorysetup-bucket-allocator-block-size=33554432"
    "memorysetup-bucket-allocator-block-count=8"
    "memorysetup-main-allocator-block-size=16777216"
    "memorysetup-thread-allocator-block-size=16777216"
    "memorysetup-gfx-main-allocator-block-size=16777216"
    "memorysetup-gfx-thread-allocator-block-size=16777216"
    "memorysetup-cache-allocator-block-size=4194304"
    "memorysetup-typetree-allocator-block-size=2097152"
    "memorysetup-profiler-bucket-allocator-granularity=16"
    "memorysetup-profiler-bucket-allocator-bucket-count=8"
    "memorysetup-profiler-bucket-allocator-block-size=33554432"
    "memorysetup-profiler-bucket-allocator-block-count=8"
    "memorysetup-profiler-allocator-block-size=16777216"
    "memorysetup-profiler-editor-allocator-block-size=1048576"
    "memorysetup-temp-allocator-size-main=16777216"
    "memorysetup-job-temp-allocator-block-size=2097152"
    "memorysetup-job-temp-allocator-block-size-background=1048576"
    "memorysetup-job-temp-allocator-reduction-small-platforms=262144"
    "memorysetup-allocator-temp-initial-block-size-main=262144"
    "memorysetup-allocator-temp-initial-block-size-worker=262144"
    "memorysetup-temp-allocator-size-background-worker=32768"
    "memorysetup-temp-allocator-size-job-worker=262144"
    "memorysetup-temp-allocator-size-preload-manager=33554432"
    "memorysetup-temp-allocator-size-nav-mesh-worker=65536"
    "memorysetup-temp-allocator-size-audio-worker=65536"
    "memorysetup-temp-allocator-size-cloud-worker=32768"
    "memorysetup-temp-allocator-size-gi-baking-worker=262144"
    "memorysetup-temp-allocator-size-gfx=262144"
Player connection [20516]  Target information:

Player connection [20516]  * "[IP] 10.55.2.60 [Port] 0 [Flags] 2 [Guid] 1445481198 [EditorId] 1445481198 [Version] 1048832 [Id] WindowsEditor(7,CTR1-IST-90719) [Debug] 1 [PackageName] WindowsEditor [ProjectName] Editor" 

Player connection [20516] Host joined multi-casting on [225.0.0.222:54997]...
Player connection [20516] Host joined alternative multi-casting on [225.0.0.222:34997]...
[PhysX] Initialized MultithreadedTaskDispatcher with 16 workers.
Refreshing native plugins compatible for Editor in 8.69 ms, found 3 plugins.
Preloading 0 native plugins for Editor in 0.00 ms.
Initialize engine version: 2022.3.43f1 (85497d293fa1)
[Subsystems] Discovering subsystems at path C:/Program Files/Unity/Hub/Editor/2022.3.43f1/Editor/Data/Resources/UnitySubsystems
[Subsystems] Discovering subsystems at path C:/Users/dpal6/SCHOOL/SCHOOL/rollaball/Assets
GfxDevice: creating device client; threaded=0; jobified=0
Direct3D:
    Version:  Direct3D 11.0 [level 11.1]
    Renderer: NVIDIA GeForce RTX 3060 (ID=0x2504)
    Vendor:   NVIDIA
    VRAM:     12142 MB
    Driver:   30.0.15.1277
Initialize mono
Mono path[0] = 'C:/Program Files/Unity/Hub/Editor/2022.3.43f1/Editor/Data/Managed'
Mono path[1] = 'C:/Program Files/Unity/Hub/Editor/2022.3.43f1/Editor/Data/MonoBleedingEdge/lib/mono/unityjit-win32'
Mono config path = 'C:/Program Files/Unity/Hub/Editor/2022.3.43f1/Editor/Data/MonoBleedingEdge/etc'
Using monoOptions --debugger-agent=transport=dt_socket,embedding=1,server=y,suspend=n,address=127.0.0.1:56368
Begin MonoManager ReloadAssembly
Registering precompiled unity dll's ...
Register platform support module: C:/Program Files/Unity/Hub/Editor/2022.3.43f1/Editor/Data/PlaybackEngines/WebGLSupport/UnityEditor.WebGL.Extensions.dll
Register platform support module: C:/Program Files/Unity/Hub/Editor/2022.3.43f1/Editor/Data/PlaybackEngines/WindowsStandaloneSupport/UnityEditor.WindowsStandalone.Extensions.dll
Registered in 0.011178 seconds.
- Loaded All Assemblies, in  0.330 seconds
Native extension for WindowsStandalone target not found
Native extension for WebGL target not found
Mono: successfully reloaded assembly
- Finished resetting the current domain, in  0.232 seconds
Domain Reload Profiling: 560ms
	BeginReloadAssembly (110ms)
		ExecutionOrderSort (0ms)
		DisableScriptedObjects (0ms)
		BackupInstance (0ms)
		ReleaseScriptingObjects (0ms)
		CreateAndSetChildDomain (1ms)
	RebuildCommonClasses (29ms)
	RebuildNativeTypeToScriptingClass (8ms)
	initialDomainReloadingComplete (58ms)
	LoadAllAssembliesAndSetupDomain (122ms)
		LoadAssemblies (106ms)
		RebuildTransferFunctionScriptingTraits (0ms)
		AnalyzeDomain (120ms)
			TypeCache.Refresh (118ms)
				TypeCache.ScanAssembly (107ms)
			ScanForSourceGeneratedMonoScriptInfo (0ms)
			ResolveRequiredComponents (0ms)
	FinalizeReload (232ms)
		ReleaseScriptCaches (0ms)
		RebuildScriptCaches (0ms)
		SetupLoadedEditorAssemblies (194ms)
			LogAssemblyErrors (0ms)
			InitializePlatformSupportModulesInManaged (11ms)
			SetLoadedEditorAssemblies (4ms)
			RefreshPlugins (0ms)
			BeforeProcessingInitializeOnLoad (2ms)
			ProcessInitializeOnLoadAttributes (130ms)
			ProcessInitializeOnLoadMethodAttributes (46ms)
			AfterProcessingInitializeOnLoad (0ms)
			EditorAssembliesLoaded (0ms)
		ExecutionOrderSort2 (0ms)
		AwakeInstancesAfterBackupRestoration (0ms)
========================================================================
Worker process is ready to serve import requests
Caller must complete domain reload
Begin MonoManager ReloadAssembly
- Loaded All Assemblies, in  0.683 seconds
Native extension for WindowsStandalone target not found
Native extension for WebGL target not found
Package Manager log level set to [2]
[Package Manager] Server::EnsureServerProcessIsRunning -- launch failed, reason: Unity was launched with the -noUpm command-line argument
[Package Manager] UpmClient::Send -- Unable to send message (not connected to UPM process).
[Package Manager] Cannot connect to Unity Package Manager local server
Mono: successfully reloaded assembly
- Finished resetting the current domain, in  0.702 seconds
Domain Reload Profiling: 1380ms
	BeginReloadAssembly (158ms)
		ExecutionOrderSort (0ms)
		DisableScriptedObjects (5ms)
		BackupInstance (0ms)
		ReleaseScriptingObjects (0ms)
		CreateAndSetChildDomain (22ms)
	RebuildCommonClasses (36ms)
	RebuildNativeTypeToScriptingClass (9ms)
	initialDomainReloadingComplete (43ms)
	LoadAllAssembliesAndSetupDomain (431ms)
		LoadAssemblies (322ms)
		RebuildTransferFunctionScriptingTraits (0ms)
		AnalyzeDomain (202ms)
			TypeCache.Refresh (175ms)
				TypeCache.ScanAssembly (157ms)
			ScanForSourceGeneratedMonoScriptInfo (20ms)
			ResolveRequiredComponents (7ms)
	FinalizeReload (703ms)
		ReleaseScriptCaches (0ms)
		RebuildScriptCaches (0ms)
		SetupLoadedEditorAssemblies (548ms)
			LogAssemblyErrors (0ms)
			InitializePlatformSupportModulesInManaged (8ms)
			SetLoadedEditorAssemblies (3ms)
			RefreshPlugins (0ms)
			BeforeProcessingInitializeOnLoad (70ms)
			ProcessInitializeOnLoadAttributes (426ms)
			ProcessInitializeOnLoadMethodAttributes (28ms)
			AfterProcessingInitializeOnLoad (12ms)
			EditorAssembliesLoaded (0ms)
		ExecutionOrderSort2 (0ms)
		AwakeInstancesAfterBackupRestoration (7ms)
Launched and connected shader compiler UnityShaderCompiler.exe after 0.05 seconds
Refreshing native plugins compatible for Editor in 5.71 ms, found 3 plugins.
Preloading 0 native plugins for Editor in 0.00 ms.
Unloading 3526 Unused Serialized files (Serialized files now loaded: 0)
Unloading 21 unused Assets / (54.6 KB). Loaded Objects now: 3994.
Memory consumption went from 133.5 MB to 133.5 MB.
Total: 3.917300 ms (FindLiveObjects: 0.359700 ms CreateObjectMapping: 0.227500 ms MarkObjects: 3.227100 ms  DeleteObjects: 0.101300 ms)

AssetImportParameters requested are different than current active one (requested -> active):
  custom:container-demuxer-ogg: 62fdf1f143b41e24485cea50d1cbac27 -> 
  custom:video-decoder-ogg-theora: a1e56fd34408186e4bbccfd4996cb3dc -> 
  custom:framework-win-MediaFoundation: 216162199b28c13a410421893ffa2e32 -> 
  custom:CustomObjectIndexerAttribute: 9a22284fe3817be447336de3de66b15e -> 
  custom:container-demuxer-webm: 4f35f7cbe854078d1ac9338744f61a02 -> 
  custom:container-muxer-webm: aa71ff27fc2769a1b78a27578f13a17b -> 
  custom:video-decoder-webm-vp8: 9c59270c3fd7afecdb556c50c9e8de78 -> 
  custom:SearchIndexIgnoredProperties: e643bd26f0fe6173181afceb89e7c659 -> 
  custom:AudioImporter_EditorPlatform: d09bf68614088b80899f8185d706f6e7 -> 
  custom:video-encoder-webm-vp8: eb34c28f22e8b96e1ab97ce403110664 -> 
  custom:audio-decoder-ogg-vorbis: bf7c407c2cedff20999df2af8eb42d56 -> 
  custom:audio-encoder-webm-vorbis: bf7c407c2cedff20999df2af8eb42d56 -> 
========================================================================
Received Import Request.
  Time since last request: 584965.010253 seconds.
  path: Assets/_GameDev/Sound/SoundFX/SFX_GlassSmash02.wav
  artifactKey: Guid(3cd66d0ce4145f1418a056ef7641a35d) Importer(815301076,1909f56bfc062723c751e8b465ee728b)
Start importing Assets/_GameDev/Sound/SoundFX/SFX_GlassSmash02.wav using Guid(3cd66d0ce4145f1418a056ef7641a35d) Importer(815301076,1909f56bfc062723c751e8b465ee728b) [PhysX] Initialized MultithreadedTaskDispatcher with 16 workers.
[PhysX] Initialized MultithreadedTaskDispatcher with 16 workers.
 -> (artifact id: 'a2e06d0decf6bcc6bc993747d871e22d') in 0.100021 seconds
Number of updated asset objects reloaded before import = 0
Number of asset objects unloaded after import = 2
========================================================================
Received Import Request.
  Time since last request: 0.000045 seconds.
  path: Assets/_GameDev/Sound/SoundFX
  artifactKey: Guid(5cdc7308e239649f294cc1ad1b06846d) Importer(815301076,1909f56bfc062723c751e8b465ee728b)
Start importing Assets/_GameDev/Sound/SoundFX using Guid(5cdc7308e239649f294cc1ad1b06846d) Importer(815301076,1909f56bfc062723c751e8b465ee728b) [PhysX] Initialized MultithreadedTaskDispatcher with 16 workers.
 -> (artifact id: '69495172143563827e17ccc3883e235f') in 0.000513 seconds
Number of updated asset objects reloaded before import = 0
Number of asset objects unloaded after import = 0
========================================================================
Received Import Request.
  Time since last request: 0.000013 seconds.
  path: Assets/_GameDev/Sound/SoundFX/SFX_Magnet.ogg
  artifactKey: Guid(fc0d77ba323e00f41ac88f072e43dc77) Importer(815301076,1909f56bfc062723c751e8b465ee728b)
Start importing Assets/_GameDev/Sound/SoundFX/SFX_Magnet.ogg using Guid(fc0d77ba323e00f41ac88f072e43dc77) Importer(815301076,1909f56bfc062723c751e8b465ee728b) [PhysX] Initialized MultithreadedTaskDispatcher with 16 workers.
[PhysX] Initialized MultithreadedTaskDispatcher with 16 workers.
 -> (artifact id: 'c4bc96d98b15daa6e5ad65414b570fce') in 0.011586 seconds
Number of updated asset objects reloaded before import = 0
Number of asset objects unloaded after import = 2
========================================================================
Received Import Request.
  Time since last request: 0.000016 seconds.
  path: Assets/_GameDev/Sound/SoundFX/SFX_SuperShot01.wav
  artifactKey: Guid(be115539334784eaaac511993da3cf4a) Importer(815301076,1909f56bfc062723c751e8b465ee728b)
Start importing Assets/_GameDev/Sound/SoundFX/SFX_SuperShot01.wav using Guid(be115539334784eaaac511993da3cf4a) Importer(815301076,1909f56bfc062723c751e8b465ee728b) [PhysX] Initialized MultithreadedTaskDispatcher with 16 workers.
[PhysX] Initialized MultithreadedTaskDispatcher with 16 workers.
 -> (artifact id: '5665d5c8d8d4a6046039ea2bdf5fbdde') in 0.011198 seconds
Number of updated asset objects reloaded before import = 0
Number of asset objects unloaded after import = 2
========================================================================
Received Import Request.
  Time since last request: 0.000018 seconds.
  path: Assets/_GameDev/Sound/SoundFX/SFX_Slide.ogg
  artifactKey: Guid(57b467b54ff1c3c459989f0425c48a5b) Importer(815301076,1909f56bfc062723c751e8b465ee728b)
Start importing Assets/_GameDev/Sound/SoundFX/SFX_Slide.ogg using Guid(57b467b54ff1c3c459989f0425c48a5b) Importer(815301076,1909f56bfc062723c751e8b465ee728b) [PhysX] Initialized MultithreadedTaskDispatcher with 16 workers.
[PhysX] Initialized MultithreadedTaskDispatcher with 16 workers.
 -> (artifact id: '8b4632a5d5f03e8a797ec16e01e4ce05') in 0.011045 seconds
Number of updated asset objects reloaded before import = 0
Number of asset objects unloaded after import = 2
========================================================================
Received Import Request.
  Time since last request: 0.000015 seconds.
  path: Assets/_GameDev/Sound/SoundFX/SFX_Win02.wav
  artifactKey: Guid(f8e5bc8570f214c7c8a67222b6aefb36) Importer(815301076,1909f56bfc062723c751e8b465ee728b)
Start importing Assets/_GameDev/Sound/SoundFX/SFX_Win02.wav using Guid(f8e5bc8570f214c7c8a67222b6aefb36) Importer(815301076,1909f56bfc062723c751e8b465ee728b) [PhysX] Initialized MultithreadedTaskDispatcher with 16 workers.
[PhysX] Initialized MultithreadedTaskDispatcher with 16 workers.
 -> (artifact id: '2d2afde4614fbdbe21aedd112b55bffc') in 0.012259 seconds
Number of updated asset objects reloaded before import = 0
Number of asset objects unloaded after import = 2
========================================================================
Received Import Request.
  Time since last request: 0.000015 seconds.
  path: Assets/_GameDev/Sound/SoundFX/SFX_GameOver.wav
  artifactKey: Guid(dfbcebd0db2659d4b9b98b4749d7ac93) Importer(815301076,1909f56bfc062723c751e8b465ee728b)
Start importing Assets/_GameDev/Sound/SoundFX/SFX_GameOver.wav using Guid(dfbcebd0db2659d4b9b98b4749d7ac93) Importer(815301076,1909f56bfc062723c751e8b465ee728b) [PhysX] Initialized MultithreadedTaskDispatcher with 16 workers.
[PhysX] Initialized MultithreadedTaskDispatcher with 16 workers.
 -> (artifact id: 'c553ec3e213ae551d19ea5355b8c3a67') in 0.012672 seconds
Number of updated asset objects reloaded before import = 0
Number of asset objects unloaded after import = 2
========================================================================
Received Import Request.
  Time since last request: 0.000016 seconds.
  path: Assets/_GameDev/Sound/SoundFX/SFX_CrateSmash.ogg
  artifactKey: Guid(03d072b9d0869ac4d833b2891c99646f) Importer(815301076,1909f56bfc062723c751e8b465ee728b)
Start importing Assets/_GameDev/Sound/SoundFX/SFX_CrateSmash.ogg using Guid(03d072b9d0869ac4d833b2891c99646f) Importer(815301076,1909f56bfc062723c751e8b465ee728b) [PhysX] Initialized MultithreadedTaskDispatcher with 16 workers.
[PhysX] Initialized MultithreadedTaskDispatcher with 16 workers.
 -> (artifact id: 'cba0b7f8aa229d36963e6eee72d1bec7') in 0.012112 seconds
Number of updated asset objects reloaded before import = 0
Number of asset objects unloaded after import = 2
========================================================================
Received Import Request.
  Time since last request: 0.000018 seconds.
  path: Assets/_GameDev/Sound/SoundFX/SFX_Explode01.wav
  artifactKey: Guid(b481fb1c9ffd1478dbdbafd5441e0b84) Importer(815301076,1909f56bfc062723c751e8b465ee728b)
Start importing Assets/_GameDev/Sound/SoundFX/SFX_Explode01.wav using Guid(b481fb1c9ffd1478dbdbafd5441e0b84) Importer(815301076,1909f56bfc062723c751e8b465ee728b) [PhysX] Initialized MultithreadedTaskDispatcher with 16 workers.
[PhysX] Initialized MultithreadedTaskDispatcher with 16 workers.
 -> (artifact id: 'da83b52dda914f41132b7aa27fa119fc') in 0.013503 seconds
Number of updated asset objects reloaded before import = 0
Number of asset objects unloaded after import = 2
========================================================================
Received Import Request.
  Time since last request: 0.000030 seconds.
  path: Assets/_GameDev/Sound/SoundFX/SFX_GenericPickup.ogg
  artifactKey: Guid(abe354bd629ec7c45bea3242c5bc6b21) Importer(815301076,1909f56bfc062723c751e8b465ee728b)
Start importing Assets/_GameDev/Sound/SoundFX/SFX_GenericPickup.ogg using Guid(abe354bd629ec7c45bea3242c5bc6b21) Importer(815301076,1909f56bfc062723c751e8b465ee728b) [PhysX] Initialized MultithreadedTaskDispatcher with 16 workers.
[PhysX] Initialized MultithreadedTaskDispatcher with 16 workers.
 -> (artifact id: 'e5dd4011899f12ab143efca41ea6c407') in 0.012116 seconds
Number of updated asset objects reloaded before import = 0
Number of asset objects unloaded after import = 2
========================================================================
Received Import Request.
  Time since last request: 0.000023 seconds.
  path: Assets/_GameDev/Sound/SoundFX/SFX_PowerUp.ogg
  artifactKey: Guid(e5dc0cd8bc94e0641b8ed8bdf90cb39e) Importer(815301076,1909f56bfc062723c751e8b465ee728b)
Start importing Assets/_GameDev/Sound/SoundFX/SFX_PowerUp.ogg using Guid(e5dc0cd8bc94e0641b8ed8bdf90cb39e) Importer(815301076,1909f56bfc062723c751e8b465ee728b) [PhysX] Initialized MultithreadedTaskDispatcher with 16 workers.
[PhysX] Initialized MultithreadedTaskDispatcher with 16 workers.
 -> (artifact id: '90065d9ed3a1958373bb0d502a978a2c') in 0.011128 seconds
Number of updated asset objects reloaded before import = 0
Number of asset objects unloaded after import = 2
========================================================================
Received Import Request.
  Time since last request: 0.000018 seconds.
  path: Assets/_GameDev/Sound/SoundFX/SFX_Lose02.ogg
  artifactKey: Guid(04511302490554a819ac9caab49bfdb1) Importer(815301076,1909f56bfc062723c751e8b465ee728b)
Start importing Assets/_GameDev/Sound/SoundFX/SFX_Lose02.ogg using Guid(04511302490554a819ac9caab49bfdb1) Importer(815301076,1909f56bfc062723c751e8b465ee728b) [PhysX] Initialized MultithreadedTaskDispatcher with 16 workers.
[PhysX] Initialized MultithreadedTaskDispatcher with 16 workers.
 -> (artifact id: 'aa7c0e546809ca32995c0361a75df9f4') in 0.011769 seconds
Number of updated asset objects reloaded before import = 0
Number of asset objects unloaded after import = 2
========================================================================
Received Import Request.
  Time since last request: 0.000023 seconds.
  path: Assets/_GameDev/Sound/SoundFX/SFX_Lose01.ogg
  artifactKey: Guid(bb6b57ab0fd5a497c99ffc58096655f8) Importer(815301076,1909f56bfc062723c751e8b465ee728b)
Start importing Assets/_GameDev/Sound/SoundFX/SFX_Lose01.ogg using Guid(bb6b57ab0fd5a497c99ffc58096655f8) Importer(815301076,1909f56bfc062723c751e8b465ee728b) [PhysX] Initialized MultithreadedTaskDispatcher with 16 workers.
[PhysX] Initialized MultithreadedTaskDispatcher with 16 workers.
 -> (artifact id: '6216a5755ddfac0d4189a887f419ea4d') in 0.011694 seconds
Number of updated asset objects reloaded before import = 0
Number of asset objects unloaded after import = 2
========================================================================
Received Import Request.
  Time since last request: 0.000021 seconds.
  path: Assets/_GameDev/Sound/SoundFX/SFX_GlassSmash01.wav
  artifactKey: Guid(1576de0e8831b734cbc0d3d36e64f381) Importer(815301076,1909f56bfc062723c751e8b465ee728b)
Start importing Assets/_GameDev/Sound/SoundFX/SFX_GlassSmash01.wav using Guid(1576de0e8831b734cbc0d3d36e64f381) Importer(815301076,1909f56bfc062723c751e8b465ee728b) [PhysX] Initialized MultithreadedTaskDispatcher with 16 workers.
[PhysX] Initialized MultithreadedTaskDispatcher with 16 workers.
 -> (artifact id: 'b95a51b7210769b1f64aa20e66c4ff66') in 0.010705 seconds
Number of updated asset objects reloaded before import = 0
Number of asset objects unloaded after import = 2
========================================================================
Received Import Request.
  Time since last request: 0.000021 seconds.
  path: Assets/_GameDev/Sound/SoundFX/SFX_SuperShot03.wav
  artifactKey: Guid(646efbd42533445fdb6fe10b487c9376) Importer(815301076,1909f56bfc062723c751e8b465ee728b)
Start importing Assets/_GameDev/Sound/SoundFX/SFX_SuperShot03.wav using Guid(646efbd42533445fdb6fe10b487c9376) Importer(815301076,1909f56bfc062723c751e8b465ee728b) [PhysX] Initialized MultithreadedTaskDispatcher with 16 workers.
[PhysX] Initialized MultithreadedTaskDispatcher with 16 workers.
 -> (artifact id: 'bc70be8d0a265950cf9136ca3775425b') in 0.013135 seconds
Number of updated asset objects reloaded before import = 0
Number of asset objects unloaded after import = 2
========================================================================
Received Import Request.
  Time since last request: 0.000021 seconds.
  path: Assets/_GameDev/Sound/SoundFX/SFX_Collect.ogg
  artifactKey: Guid(ec268299a762e427698251748538916b) Importer(815301076,1909f56bfc062723c751e8b465ee728b)
Start importing Assets/_GameDev/Sound/SoundFX/SFX_Collect.ogg using Guid(ec268299a762e427698251748538916b) Importer(815301076,1909f56bfc062723c751e8b465ee728b) [PhysX] Initialized MultithreadedTaskDispatcher with 16 workers.
[PhysX] Initialized MultithreadedTaskDispatcher with 16 workers.
 -> (artifact id: 'c2429730dfe9a01e2d9a9f4c4564abb5') in 0.011520 seconds
Number of updated asset objects reloaded before import = 0
Number of asset objects unloaded after import = 2
========================================================================
Received Import Request.
  Time since last request: 0.000023 seconds.
  path: Assets/_GameDev/Sound/SoundFX/SFX_PositiveSound01.ogg
  artifactKey: Guid(4a43edb6526bd476eb7d64e97bb96f1b) Importer(815301076,1909f56bfc062723c751e8b465ee728b)
Start importing Assets/_GameDev/Sound/SoundFX/SFX_PositiveSound01.ogg using Guid(4a43edb6526bd476eb7d64e97bb96f1b) Importer(815301076,1909f56bfc062723c751e8b465ee728b) [PhysX] Initialized MultithreadedTaskDispatcher with 16 workers.
[PhysX] Initialized MultithreadedTaskDispatcher with 16 workers.
 -> (artifact id: '2348fdad901326c98dd4a60bf788bc4e') in 0.010750 seconds
Number of updated asset objects reloaded before import = 0
Number of asset objects unloaded after import = 2
========================================================================
Received Import Request.
  Time since last request: 0.000023 seconds.
  path: Assets/_GameDev/Sound/SoundFX/SFX_Win01.wav
  artifactKey: Guid(466d083e853a64ff8954c6469abab3ad) Importer(815301076,1909f56bfc062723c751e8b465ee728b)
Start importing Assets/_GameDev/Sound/SoundFX/SFX_Win01.wav using Guid(466d083e853a64ff8954c6469abab3ad) Importer(815301076,1909f56bfc062723c751e8b465ee728b) [PhysX] Initialized MultithreadedTaskDispatcher with 16 workers.
[PhysX] Initialized MultithreadedTaskDispatcher with 16 workers.
 -> (artifact id: 'f28cedee78ba3e877152e4bdf0237f06') in 0.010882 seconds
Number of updated asset objects reloaded before import = 0
Number of asset objects unloaded after import = 2
========================================================================
Received Import Request.
  Time since last request: 0.000027 seconds.
  path: Assets/_GameDev/Sound/SoundFX/SFX_FireFlare.ogg
  artifactKey: Guid(55c9c49b84f36214f8f7b2e75a101084) Importer(815301076,1909f56bfc062723c751e8b465ee728b)
Start importing Assets/_GameDev/Sound/SoundFX/SFX_FireFlare.ogg using Guid(55c9c49b84f36214f8f7b2e75a101084) Importer(815301076,1909f56bfc062723c751e8b465ee728b) [PhysX] Initialized MultithreadedTaskDispatcher with 16 workers.
[PhysX] Initialized MultithreadedTaskDispatcher with 16 workers.
 -> (artifact id: '5acc963a6431ecdf0850087dcda356e6') in 0.012028 seconds
Number of updated asset objects reloaded before import = 0
Number of asset objects unloaded after import = 2
========================================================================
Received Import Request.
  Time since last request: 0.000023 seconds.
  path: Assets/_GameDev/Sound/SoundFX/SFX_Splat.ogg
  artifactKey: Guid(d1586046be4bc416097c1853a2b649ea) Importer(815301076,1909f56bfc062723c751e8b465ee728b)
Start importing Assets/_GameDev/Sound/SoundFX/SFX_Splat.ogg using Guid(d1586046be4bc416097c1853a2b649ea) Importer(815301076,1909f56bfc062723c751e8b465ee728b) [PhysX] Initialized MultithreadedTaskDispatcher with 16 workers.
[PhysX] Initialized MultithreadedTaskDispatcher with 16 workers.
 -> (artifact id: '68126cb01ebc7719663bd03807029c0c') in 0.010883 seconds
Number of updated asset objects reloaded before import = 0
Number of asset objects unloaded after import = 2
========================================================================
Received Import Request.
  Time since last request: 0.000026 seconds.
  path: Assets/_GameDev/Sound/SoundFX/SFX_Pop.mp3
  artifactKey: Guid(8d4dcbbea70374b439cd4c36bba4ac1d) Importer(815301076,1909f56bfc062723c751e8b465ee728b)
Start importing Assets/_GameDev/Sound/SoundFX/SFX_Pop.mp3 using Guid(8d4dcbbea70374b439cd4c36bba4ac1d) Importer(815301076,1909f56bfc062723c751e8b465ee728b) [PhysX] Initialized MultithreadedTaskDispatcher with 16 workers.
[PhysX] Initialized MultithreadedTaskDispatcher with 16 workers.
 -> (artifact id: '9c5756dd16a299de631277da90123c27') in 0.011676 seconds
Number of updated asset objects reloaded before import = 0
Number of asset objects unloaded after import = 2
========================================================================
Received Import Request.
  Time since last request: 0.000022 seconds.
  path: Assets/_GameDev/Sound/SoundFX/SFX_PoolSplash.ogg
  artifactKey: Guid(7d69c54b99d61454a9f1696cf7d73bdf) Importer(815301076,1909f56bfc062723c751e8b465ee728b)
Start importing Assets/_GameDev/Sound/SoundFX/SFX_PoolSplash.ogg using Guid(7d69c54b99d61454a9f1696cf7d73bdf) Importer(815301076,1909f56bfc062723c751e8b465ee728b) [PhysX] Initialized MultithreadedTaskDispatcher with 16 workers.
[PhysX] Initialized MultithreadedTaskDispatcher with 16 workers.
 -> (artifact id: '0baffc1d297251e10abd8d35fa0f4a5e') in 0.011553 seconds
Number of updated asset objects reloaded before import = 0
Number of asset objects unloaded after import = 2
========================================================================
Received Import Request.
  Time since last request: 702.531980 seconds.
  path: Assets/_GameDev/Sound/Music/Music_Background09.ogg
  artifactKey: Guid(79a0c1b5d72bfc748bc67ce6e4c6115b) Importer(815301076,1909f56bfc062723c751e8b465ee728b)
Start importing Assets/_GameDev/Sound/Music/Music_Background09.ogg using Guid(79a0c1b5d72bfc748bc67ce6e4c6115b) Importer(815301076,1909f56bfc062723c751e8b465ee728b) [PhysX] Initialized MultithreadedTaskDispatcher with 16 workers.
[PhysX] Initialized MultithreadedTaskDispatcher with 16 workers.
 -> (artifact id: '43c266520c850c7a7d488cbbe18f8d75') in 0.013589 seconds
Number of updated asset objects reloaded before import = 0
Number of asset objects unloaded after import = 2
========================================================================
Received Import Request.
  Time since last request: 0.022831 seconds.
  path: Assets/_GameDev/Sound/Music/Music_Background07.ogg
  artifactKey: Guid(3cc3e8fe3b4bcd944a1bf20ffa5c7f4e) Importer(815301076,1909f56bfc062723c751e8b465ee728b)
Start importing Assets/_GameDev/Sound/Music/Music_Background07.ogg using Guid(3cc3e8fe3b4bcd944a1bf20ffa5c7f4e) Importer(815301076,1909f56bfc062723c751e8b465ee728b) [PhysX] Initialized MultithreadedTaskDispatcher with 16 workers.
[PhysX] Initialized MultithreadedTaskDispatcher with 16 workers.
 -> (artifact id: '910ca0e73c69513c36aa8a0a98ced129') in 0.010825 seconds
Number of updated asset objects reloaded before import = 0
Number of asset objects unloaded after import = 2
========================================================================
Received Import Request.
  Time since last request: 0.012684 seconds.
  path: Assets/_GameDev/Sound/Music/Music_Background06.ogg
  artifactKey: Guid(7ff92bf6ed3533043927a3f96f9125e2) Importer(815301076,1909f56bfc062723c751e8b465ee728b)
Start importing Assets/_GameDev/Sound/Music/Music_Background06.ogg using Guid(7ff92bf6ed3533043927a3f96f9125e2) Importer(815301076,1909f56bfc062723c751e8b465ee728b) [PhysX] Initialized MultithreadedTaskDispatcher with 16 workers.
[PhysX] Initialized MultithreadedTaskDispatcher with 16 workers.
 -> (artifact id: '2a7e3f763ee99951aafd918be2f98a53') in 0.010466 seconds
Number of updated asset objects reloaded before import = 0
Number of asset objects unloaded after import = 2
========================================================================
Received Import Request.
  Time since last request: 0.014792 seconds.
  path: Assets/_GameDev/Sound/Music/Music_Background02.ogg
  artifactKey: Guid(5768c9cd1ffad480392fb744d373bbf8) Importer(815301076,1909f56bfc062723c751e8b465ee728b)
Start importing Assets/_GameDev/Sound/Music/Music_Background02.ogg using Guid(5768c9cd1ffad480392fb744d373bbf8) Importer(815301076,1909f56bfc062723c751e8b465ee728b) [PhysX] Initialized MultithreadedTaskDispatcher with 16 workers.
[PhysX] Initialized MultithreadedTaskDispatcher with 16 workers.
 -> (artifact id: '181a688525413d3cb5dda947aa8ad25f') in 0.012012 seconds
Number of updated asset objects reloaded before import = 0
Number of asset objects unloaded after import = 2
========================================================================
Received Prepare
Caller must complete domain reload
Begin MonoManager ReloadAssembly
- Loaded All Assemblies, in  2.010 seconds
Native extension for WindowsStandalone target not found
Native extension for WebGL target not found
[Package Manager] Server::EnsureServerProcessIsRunning -- launch failed, reason: Unity was launched with the -noUpm command-line argument
[Package Manager] UpmClient::Send -- Unable to send message (not connected to UPM process).
[Package Manager] Cannot connect to Unity Package Manager local server
Mono: successfully reloaded assembly
- Finished resetting the current domain, in  8.588 seconds
Domain Reload Profiling: 10594ms
	BeginReloadAssembly (147ms)
		ExecutionOrderSort (0ms)
		DisableScriptedObjects (4ms)
		BackupInstance (0ms)
		ReleaseScriptingObjects (0ms)
		CreateAndSetChildDomain (33ms)
	RebuildCommonClasses (25ms)
	RebuildNativeTypeToScriptingClass (8ms)
	initialDomainReloadingComplete (30ms)
	LoadAllAssembliesAndSetupDomain (1795ms)
		LoadAssemblies (1852ms)
		RebuildTransferFunctionScriptingTraits (0ms)
		AnalyzeDomain (22ms)
			TypeCache.Refresh (7ms)
				TypeCache.ScanAssembly (0ms)
			ScanForSourceGeneratedMonoScriptInfo (9ms)
			ResolveRequiredComponents (4ms)
	FinalizeReload (8588ms)
		ReleaseScriptCaches (0ms)
		RebuildScriptCaches (0ms)
		SetupLoadedEditorAssemblies (367ms)
			LogAssemblyErrors (0ms)
			InitializePlatformSupportModulesInManaged (8ms)
			SetLoadedEditorAssemblies (2ms)
			RefreshPlugins (0ms)
			BeforeProcessingInitializeOnLoad (53ms)
			ProcessInitializeOnLoadAttributes (276ms)
			ProcessInitializeOnLoadMethodAttributes (19ms)
			AfterProcessingInitializeOnLoad (9ms)
			EditorAssembliesLoaded (0ms)
		ExecutionOrderSort2 (0ms)
		AwakeInstancesAfterBackupRestoration (6ms)
Refreshing native plugins compatible for Editor in 5.90 ms, found 3 plugins.
Preloading 0 native plugins for Editor in 0.00 ms.
Unloading 3505 Unused Serialized files (Serialized files now loaded: 0)
Unloading 14 unused Assets / (28.5 KB). Loaded Objects now: 4007.
Memory consumption went from 132.6 MB to 132.5 MB.
Total: 2.944400 ms (FindLiveObjects: 0.199900 ms CreateObjectMapping: 0.150100 ms MarkObjects: 2.560100 ms  DeleteObjects: 0.033700 ms)

Prepare: number of updated asset objects reloaded= 0
AssetImportParameters requested are different than current active one (requested -> active):
  custom:container-demuxer-ogg: 62fdf1f143b41e24485cea50d1cbac27 -> 
  custom:video-decoder-ogg-theora: a1e56fd34408186e4bbccfd4996cb3dc -> 
  custom:framework-win-MediaFoundation: 216162199b28c13a410421893ffa2e32 -> 
  custom:CustomObjectIndexerAttribute: 9a22284fe3817be447336de3de66b15e -> 
  custom:container-demuxer-webm: 4f35f7cbe854078d1ac9338744f61a02 -> 
  custom:container-muxer-webm: aa71ff27fc2769a1b78a27578f13a17b -> 
  custom:video-decoder-webm-vp8: 9c59270c3fd7afecdb556c50c9e8de78 -> 
  custom:SearchIndexIgnoredProperties: e643bd26f0fe6173181afceb89e7c659 -> 
  custom:AudioImporter_EditorPlatform: d09bf68614088b80899f8185d706f6e7 -> 
  custom:video-encoder-webm-vp8: eb34c28f22e8b96e1ab97ce403110664 -> 
  custom:audio-decoder-ogg-vorbis: bf7c407c2cedff20999df2af8eb42d56 -> 
  custom:audio-encoder-webm-vorbis: bf7c407c2cedff20999df2af8eb42d56 -> 
========================================================================
Received Import Request.
  Time since last request: 305.073542 seconds.
  path: Assets/_GameDev/Animations/AnimationClips/Animation_Kenney@Jump.fbx
  artifactKey: Guid(9a21dc45af026604a82ac46acd23828d) Importer(815301076,1909f56bfc062723c751e8b465ee728b)
Start importing Assets/_GameDev/Animations/AnimationClips/Animation_Kenney@Jump.fbx using Guid(9a21dc45af026604a82ac46acd23828d) Importer(815301076,1909f56bfc062723c751e8b465ee728b) [PhysX] Initialized MultithreadedTaskDispatcher with 16 workers.
 -> (artifact id: '7fd91ada6a41df5e190e0dad5d5e8295') in 0.033710 seconds
Number of updated asset objects reloaded before import = 0
Number of asset objects unloaded after import = 123
========================================================================
Received Import Request.
  Time since last request: 0.000014 seconds.
  path: Assets/_GameDev/Animations/AnimationClips/Animation_MrCrab@Catch.fbx
  artifactKey: Guid(f3d6561dc5dce2e4cb3ef97cab4a40f8) Importer(815301076,1909f56bfc062723c751e8b465ee728b)
Start importing Assets/_GameDev/Animations/AnimationClips/Animation_MrCrab@Catch.fbx using Guid(f3d6561dc5dce2e4cb3ef97cab4a40f8) Importer(815301076,1909f56bfc062723c751e8b465ee728b) [PhysX] Initialized MultithreadedTaskDispatcher with 16 workers.
[PhysX] Initialized MultithreadedTaskDispatcher with 16 workers.
[PhysX] Initialized MultithreadedTaskDispatcher with 16 workers.
[PhysX] Initialized MultithreadedTaskDispatcher with 16 workers.
[PhysX] Initialized MultithreadedTaskDispatcher with 16 workers.
 -> (artifact id: '95ea31b39654a3e0e5c1f45a412da4d7') in 0.112313 seconds
Number of updated asset objects reloaded before import = 0
Number of asset objects unloaded after import = 80
========================================================================
Received Import Request.
  Time since last request: 1.341763 seconds.
  path: Assets/_GameDev/Animations/AnimationClips/Animation_MrRaccoon@_Run.fbx
  artifactKey: Guid(cac9517dd81c9d44cb15baf07d88b8f6) Importer(815301076,1909f56bfc062723c751e8b465ee728b)
Start importing Assets/_GameDev/Animations/AnimationClips/Animation_MrRaccoon@_Run.fbx using Guid(cac9517dd81c9d44cb15baf07d88b8f6) Importer(815301076,1909f56bfc062723c751e8b465ee728b) [PhysX] Initialized MultithreadedTaskDispatcher with 16 workers.
[PhysX] Initialized MultithreadedTaskDispatcher with 16 workers.
[PhysX] Initialized MultithreadedTaskDispatcher with 16 workers.
[PhysX] Initialized MultithreadedTaskDispatcher with 16 workers.
 -> (artifact id: '94d65d67bbf7a4b7ba5514e0d7e28cfc') in 0.046225 seconds
Number of updated asset objects reloaded before import = 0
Number of asset objects unloaded after import = 49
========================================================================
Received Import Request.
  Time since last request: 0.442820 seconds.
  path: Assets/_GameDev/Animations/AnimationClips/Animation_Vampire@Run.fbx
  artifactKey: Guid(0930718876c1d784a92c6b2936213d1b) Importer(815301076,1909f56bfc062723c751e8b465ee728b)
Start importing Assets/_GameDev/Animations/AnimationClips/Animation_Vampire@Run.fbx using Guid(0930718876c1d784a92c6b2936213d1b) Importer(815301076,1909f56bfc062723c751e8b465ee728b) [PhysX] Initialized MultithreadedTaskDispatcher with 16 workers.
[PhysX] Initialized MultithreadedTaskDispatcher with 16 workers.
[PhysX] Initialized MultithreadedTaskDispatcher with 16 workers.
[PhysX] Initialized MultithreadedTaskDispatcher with 16 workers.
[PhysX] Initialized MultithreadedTaskDispatcher with 16 workers.
[PhysX] Initialized MultithreadedTaskDispatcher with 16 workers.
[PhysX] Initialized MultithreadedTaskDispatcher with 16 workers.
 -> (artifact id: 'dfe410a39deec86dd437cf29f368f527') in 0.043059 seconds
Number of updated asset objects reloaded before import = 0
Number of asset objects unloaded after import = 98
========================================================================
Received Import Request.
  Time since last request: 0.000029 seconds.
  path: Assets/_GameDev/Models/Objects/Ball.FBX
  artifactKey: Guid(a2c8a008ffe433b46bf4b8efcd482ae3) Importer(815301076,1909f56bfc062723c751e8b465ee728b)
Start importing Assets/_GameDev/Models/Objects/Ball.FBX using Guid(a2c8a008ffe433b46bf4b8efcd482ae3) Importer(815301076,1909f56bfc062723c751e8b465ee728b) [PhysX] Initialized MultithreadedTaskDispatcher with 16 workers.
[PhysX] Initialized MultithreadedTaskDispatcher with 16 workers.
[PhysX] Initialized MultithreadedTaskDispatcher with 16 workers.
 -> (artifact id: '079cd0035877bbea7abd5c1668f71823') in 0.021802 seconds
Number of updated asset objects reloaded before import = 0
Number of asset objects unloaded after import = 8
========================================================================
Received Import Request.
  Time since last request: 0.300463 seconds.
  path: Assets/_GameDev/Prefabs/Characters/Character_KenneyCyborg.prefab
  artifactKey: Guid(fad66a439b661b549b33f04c1890f6bb) Importer(815301076,1909f56bfc062723c751e8b465ee728b)
Start importing Assets/_GameDev/Prefabs/Characters/Character_KenneyCyborg.prefab using Guid(fad66a439b661b549b33f04c1890f6bb) Importer(815301076,1909f56bfc062723c751e8b465ee728b) [PhysX] Initialized MultithreadedTaskDispatcher with 16 workers.
[PhysX] Initialized MultithreadedTaskDispatcher with 16 workers.
 -> (artifact id: '3ad33b7b9e03696c0c908c4e9e1aa63a') in 0.110743 seconds
Number of updated asset objects reloaded before import = 0
Number of asset objects unloaded after import = 262
========================================================================
Received Import Request.
  Time since last request: 0.194438 seconds.
  path: Assets/_GameDev/Prefabs/Characters/Character_KenneySurvivor02.prefab
  artifactKey: Guid(f8d4f5821dee4c1498c80845ff68ef29) Importer(815301076,1909f56bfc062723c751e8b465ee728b)
Start importing Assets/_GameDev/Prefabs/Characters/Character_KenneySurvivor02.prefab using Guid(f8d4f5821dee4c1498c80845ff68ef29) Importer(815301076,1909f56bfc062723c751e8b465ee728b) [PhysX] Initialized MultithreadedTaskDispatcher with 16 workers.
[PhysX] Initialized MultithreadedTaskDispatcher with 16 workers.
 -> (artifact id: '0a814c032dc2c214845f2ee6b7d6c28c') in 0.027758 seconds
Number of updated asset objects reloaded before import = 0
Number of asset objects unloaded after import = 262
========================================================================
Received Import Request.
  Time since last request: 0.005334 seconds.
  path: Assets/_GameDev/Prefabs/Characters/Character_MrCrab.prefab
  artifactKey: Guid(3475c7f74e1de4c419b83f4e19588d27) Importer(815301076,1909f56bfc062723c751e8b465ee728b)
Start importing Assets/_GameDev/Prefabs/Characters/Character_MrCrab.prefab using Guid(3475c7f74e1de4c419b83f4e19588d27) Importer(815301076,1909f56bfc062723c751e8b465ee728b) [PhysX] Initialized MultithreadedTaskDispatcher with 16 workers.
[PhysX] Initialized MultithreadedTaskDispatcher with 16 workers.
 -> (artifact id: 'ce8efd9d29bb300d0fe17faf4a4d6cbc') in 0.053831 seconds
Number of updated asset objects reloaded before import = 0
Number of asset objects unloaded after import = 164
========================================================================
Received Import Request.
  Time since last request: 0.199403 seconds.
  path: Assets/_GameDev/Prefabs/Characters/Character_Vampire.prefab
  artifactKey: Guid(8a1a02dc975acb54e8bb871b7f2f5db0) Importer(815301076,1909f56bfc062723c751e8b465ee728b)
Start importing Assets/_GameDev/Prefabs/Characters/Character_Vampire.prefab using Guid(8a1a02dc975acb54e8bb871b7f2f5db0) Importer(815301076,1909f56bfc062723c751e8b465ee728b) [PhysX] Initialized MultithreadedTaskDispatcher with 16 workers.
[PhysX] Initialized MultithreadedTaskDispatcher with 16 workers.
 -> (artifact id: 'f0942cf2673a17161a0a8bb4169fb24a') in 0.026459 seconds
Number of updated asset objects reloaded before import = 0
Number of asset objects unloaded after import = 90
========================================================================
Received Import Request.
  Time since last request: 0.000016 seconds.
  path: Assets/_GameDev/Models/Objects/Coin.FBX
  artifactKey: Guid(db924e5f6e1c9834da4d8e265fe3e6fd) Importer(815301076,1909f56bfc062723c751e8b465ee728b)
Start importing Assets/_GameDev/Models/Objects/Coin.FBX using Guid(db924e5f6e1c9834da4d8e265fe3e6fd) Importer(815301076,1909f56bfc062723c751e8b465ee728b) [PhysX] Initialized MultithreadedTaskDispatcher with 16 workers.
[PhysX] Initialized MultithreadedTaskDispatcher with 16 workers.
[PhysX] Initialized MultithreadedTaskDispatcher with 16 workers.
 -> (artifact id: '9c2fa246b0bd94f2ab1d466302a36542') in 0.021521 seconds
Number of updated asset objects reloaded before import = 0
Number of asset objects unloaded after import = 7
========================================================================
Received Import Request.
  Time since last request: 0.248228 seconds.
  path: Assets/_GameDev/Models/Objects/FishBones.FBX
  artifactKey: Guid(4de85cbfe0df16048915166f98d75fc2) Importer(815301076,1909f56bfc062723c751e8b465ee728b)
Start importing Assets/_GameDev/Models/Objects/FishBones.FBX using Guid(4de85cbfe0df16048915166f98d75fc2) Importer(815301076,1909f56bfc062723c751e8b465ee728b) [PhysX] Initialized MultithreadedTaskDispatcher with 16 workers.
[PhysX] Initialized MultithreadedTaskDispatcher with 16 workers.
[PhysX] Initialized MultithreadedTaskDispatcher with 16 workers.
[PhysX] Initialized MultithreadedTaskDispatcher with 16 workers.
 -> (artifact id: '084ec2b28602c3cc18808585b5a7b201') in 0.024175 seconds
Number of updated asset objects reloaded before import = 0
Number of asset objects unloaded after import = 8
========================================================================
Received Import Request.
  Time since last request: 0.000015 seconds.
  path: Assets/_GameDev/Models/Objects/GemDiamond.FBX
  artifactKey: Guid(89567ba1b442a2447a4cce514785f6a3) Importer(815301076,1909f56bfc062723c751e8b465ee728b)
Start importing Assets/_GameDev/Models/Objects/GemDiamond.FBX using Guid(89567ba1b442a2447a4cce514785f6a3) Importer(815301076,1909f56bfc062723c751e8b465ee728b) [PhysX] Initialized MultithreadedTaskDispatcher with 16 workers.
[PhysX] Initialized MultithreadedTaskDispatcher with 16 workers.
[PhysX] Initialized MultithreadedTaskDispatcher with 16 workers.
 -> (artifact id: 'be83c5f91fed3e6bacce8fa0ffb41520') in 0.019631 seconds
Number of updated asset objects reloaded before import = 0
Number of asset objects unloaded after import = 7
========================================================================
Received Import Request.
  Time since last request: 0.000035 seconds.
  path: Assets/_GameDev/Models/Objects/GemSquare.FBX
  artifactKey: Guid(91e04c6dd04854544b2fe223d1429180) Importer(815301076,1909f56bfc062723c751e8b465ee728b)
Start importing Assets/_GameDev/Models/Objects/GemSquare.FBX using Guid(91e04c6dd04854544b2fe223d1429180) Importer(815301076,1909f56bfc062723c751e8b465ee728b) [PhysX] Initialized MultithreadedTaskDispatcher with 16 workers.
[PhysX] Initialized MultithreadedTaskDispatcher with 16 workers.
[PhysX] Initialized MultithreadedTaskDispatcher with 16 workers.
 -> (artifact id: '820c7ee701c66c6181e967b38b4d7b8a') in 0.018946 seconds
Number of updated asset objects reloaded before import = 0
Number of asset objects unloaded after import = 7
========================================================================
Received Import Request.
  Time since last request: 0.203398 seconds.
  path: Assets/_GameDev/Models/Objects/Heart.FBX
  artifactKey: Guid(4b80379d333087a439a331999a566600) Importer(815301076,1909f56bfc062723c751e8b465ee728b)
Start importing Assets/_GameDev/Models/Objects/Heart.FBX using Guid(4b80379d333087a439a331999a566600) Importer(815301076,1909f56bfc062723c751e8b465ee728b) [PhysX] Initialized MultithreadedTaskDispatcher with 16 workers.
[PhysX] Initialized MultithreadedTaskDispatcher with 16 workers.
[PhysX] Initialized MultithreadedTaskDispatcher with 16 workers.
 -> (artifact id: '32b472d943c0511a204d6ee0a191f5f7') in 0.022558 seconds
Number of updated asset objects reloaded before import = 0
Number of asset objects unloaded after import = 7
========================================================================
Received Import Request.
  Time since last request: 0.000021 seconds.
  path: Assets/_GameDev/Models/Objects/Key2.FBX
  artifactKey: Guid(5a84b0c9bbf815246a8c2ff168d0a970) Importer(815301076,1909f56bfc062723c751e8b465ee728b)
Start importing Assets/_GameDev/Models/Objects/Key2.FBX using Guid(5a84b0c9bbf815246a8c2ff168d0a970) Importer(815301076,1909f56bfc062723c751e8b465ee728b) [PhysX] Initialized MultithreadedTaskDispatcher with 16 workers.
[PhysX] Initialized MultithreadedTaskDispatcher with 16 workers.
[PhysX] Initialized MultithreadedTaskDispatcher with 16 workers.
[PhysX] Initialized MultithreadedTaskDispatcher with 16 workers.
 -> (artifact id: '2b36a7ec18191bbe0b7095c61cd7ff8a') in 0.023072 seconds
Number of updated asset objects reloaded before import = 0
Number of asset objects unloaded after import = 9
========================================================================
Received Import Request.
  Time since last request: 0.000022 seconds.
  path: Assets/_GameDev/Models/Objects/Key1.FBX
  artifactKey: Guid(43dd2c4e9da0ca04fa37f8f03123db39) Importer(815301076,1909f56bfc062723c751e8b465ee728b)
Start importing Assets/_GameDev/Models/Objects/Key1.FBX using Guid(43dd2c4e9da0ca04fa37f8f03123db39) Importer(815301076,1909f56bfc062723c751e8b465ee728b) [PhysX] Initialized MultithreadedTaskDispatcher with 16 workers.
[PhysX] Initialized MultithreadedTaskDispatcher with 16 workers.
[PhysX] Initialized MultithreadedTaskDispatcher with 16 workers.
 -> (artifact id: 'f408c52a97d9378efa7ecefceb0eee15') in 0.019066 seconds
Number of updated asset objects reloaded before import = 0
Number of asset objects unloaded after import = 7
========================================================================
Received Import Request.
  Time since last request: 0.203691 seconds.
  path: Assets/_GameDev/Models/Characters/MrCrab.fbx
  artifactKey: Guid(c90ca510742547e4c87b93d42f9edc2f) Importer(815301076,1909f56bfc062723c751e8b465ee728b)
Start importing Assets/_GameDev/Models/Characters/MrCrab.fbx using Guid(c90ca510742547e4c87b93d42f9edc2f) Importer(815301076,1909f56bfc062723c751e8b465ee728b) [PhysX] Initialized MultithreadedTaskDispatcher with 16 workers.
[PhysX] Initialized MultithreadedTaskDispatcher with 16 workers.
[PhysX] Initialized MultithreadedTaskDispatcher with 16 workers.
[PhysX] Initialized MultithreadedTaskDispatcher with 16 workers.
 -> (artifact id: '3681132ac161329efd2a319d909bb9b4') in 0.021212 seconds
Number of updated asset objects reloaded before import = 0
Number of asset objects unloaded after import = 83
========================================================================
Received Import Request.
  Time since last request: 0.016673 seconds.
  path: Assets/_GameDev/Models/Objects/MusicNoteDouble.FBX
  artifactKey: Guid(a2d11704d823374449fa2e6f8f75fc52) Importer(815301076,1909f56bfc062723c751e8b465ee728b)
Start importing Assets/_GameDev/Models/Objects/MusicNoteDouble.FBX using Guid(a2d11704d823374449fa2e6f8f75fc52) Importer(815301076,1909f56bfc062723c751e8b465ee728b) [PhysX] Initialized MultithreadedTaskDispatcher with 16 workers.
[PhysX] Initialized MultithreadedTaskDispatcher with 16 workers.
[PhysX] Initialized MultithreadedTaskDispatcher with 16 workers.
 -> (artifact id: '4340267f539b86e11641a2469b241a38') in 0.018674 seconds
Number of updated asset objects reloaded before import = 0
Number of asset objects unloaded after import = 7
========================================================================
Received Import Request.
  Time since last request: 0.214210 seconds.
  path: Assets/_GameDev/Prefabs/PickUps/Pickup_Apple.prefab
  artifactKey: Guid(a0a71465c770d1b40b44313a57804ba3) Importer(815301076,1909f56bfc062723c751e8b465ee728b)
Start importing Assets/_GameDev/Prefabs/PickUps/Pickup_Apple.prefab using Guid(a0a71465c770d1b40b44313a57804ba3) Importer(815301076,1909f56bfc062723c751e8b465ee728b) [PhysX] Initialized MultithreadedTaskDispatcher with 16 workers.
[PhysX] Initialized MultithreadedTaskDispatcher with 16 workers.
 -> (artifact id: '5c1e7ad91be73c539c1ecbfe26af7cb1') in 0.024335 seconds
Number of updated asset objects reloaded before import = 0
Number of asset objects unloaded after import = 17
========================================================================
Received Import Request.
  Time since last request: 0.004829 seconds.
  path: Assets/_GameDev/Prefabs/PickUps/Pickup_Coin.prefab
  artifactKey: Guid(9f9de44b61befd148b3fdcdf18a76415) Importer(815301076,1909f56bfc062723c751e8b465ee728b)
Start importing Assets/_GameDev/Prefabs/PickUps/Pickup_Coin.prefab using Guid(9f9de44b61befd148b3fdcdf18a76415) Importer(815301076,1909f56bfc062723c751e8b465ee728b) [PhysX] Initialized MultithreadedTaskDispatcher with 16 workers.
[PhysX] Initialized MultithreadedTaskDispatcher with 16 workers.
 -> (artifact id: '0690b5125293c0408d56ee2fb3b37c0f') in 0.030876 seconds
Number of updated asset objects reloaded before import = 0
Number of asset objects unloaded after import = 11
========================================================================
Received Import Request.
  Time since last request: 0.224852 seconds.
  path: Assets/_GameDev/Prefabs/PickUps/Pickup_FoodBowl.prefab
  artifactKey: Guid(ebdaa38f267b6b247a664c36f913bb38) Importer(815301076,1909f56bfc062723c751e8b465ee728b)
Start importing Assets/_GameDev/Prefabs/PickUps/Pickup_FoodBowl.prefab using Guid(ebdaa38f267b6b247a664c36f913bb38) Importer(815301076,1909f56bfc062723c751e8b465ee728b) [PhysX] Initialized MultithreadedTaskDispatcher with 16 workers.
[PhysX] Initialized MultithreadedTaskDispatcher with 16 workers.
 -> (artifact id: '9b9fe2be67bb222827b7cf54677e7bf3') in 0.013040 seconds
Number of updated asset objects reloaded before import = 0
Number of asset objects unloaded after import = 11
========================================================================
Received Import Request.
  Time since last request: 0.018906 seconds.
  path: Assets/_GameDev/Prefabs/PickUps/Pickup_GemSquare.prefab
  artifactKey: Guid(c0f7597fb03adef46bd208e0b3162fd7) Importer(815301076,1909f56bfc062723c751e8b465ee728b)
Start importing Assets/_GameDev/Prefabs/PickUps/Pickup_GemSquare.prefab using Guid(c0f7597fb03adef46bd208e0b3162fd7) Importer(815301076,1909f56bfc062723c751e8b465ee728b) [PhysX] Initialized MultithreadedTaskDispatcher with 16 workers.
[PhysX] Initialized MultithreadedTaskDispatcher with 16 workers.
 -> (artifact id: '22c573b7597efb28d6d0186f36f6e9ef') in 0.012698 seconds
Number of updated asset objects reloaded before import = 0
Number of asset objects unloaded after import = 11
========================================================================
Received Import Request.
  Time since last request: 0.238692 seconds.
  path: Assets/_GameDev/Prefabs/PickUps/Pickup_Key1.prefab
  artifactKey: Guid(8456950f0fca21846b5b0a75735ade44) Importer(815301076,1909f56bfc062723c751e8b465ee728b)
Start importing Assets/_GameDev/Prefabs/PickUps/Pickup_Key1.prefab using Guid(8456950f0fca21846b5b0a75735ade44) Importer(815301076,1909f56bfc062723c751e8b465ee728b) [PhysX] Initialized MultithreadedTaskDispatcher with 16 workers.
[PhysX] Initialized MultithreadedTaskDispatcher with 16 workers.
 -> (artifact id: '5bf93bb394364d235cb2f7cfb2dd66f1') in 0.033230 seconds
Number of updated asset objects reloaded before import = 0
Number of asset objects unloaded after import = 11
========================================================================
Received Import Request.
  Time since last request: 0.026292 seconds.
  path: Assets/_GameDev/Prefabs/PickUps/Pickup_MusicNoteDouble.prefab
  artifactKey: Guid(a1b2c741f33e2934c83bf46087b5bb4e) Importer(815301076,1909f56bfc062723c751e8b465ee728b)
Start importing Assets/_GameDev/Prefabs/PickUps/Pickup_MusicNoteDouble.prefab using Guid(a1b2c741f33e2934c83bf46087b5bb4e) Importer(815301076,1909f56bfc062723c751e8b465ee728b) [PhysX] Initialized MultithreadedTaskDispatcher with 16 workers.
[PhysX] Initialized MultithreadedTaskDispatcher with 16 workers.
 -> (artifact id: '28345326476c8db66809e3a7d05304e6') in 0.021133 seconds
Number of updated asset objects reloaded before import = 0
Number of asset objects unloaded after import = 8
========================================================================
Received Import Request.
  Time since last request: 0.196974 seconds.
  path: Assets/_GameDev/Prefabs/PickUps/Pickup_Potion.prefab
  artifactKey: Guid(89bb9d9afd0345f40ad75f87e5dcfe2a) Importer(815301076,1909f56bfc062723c751e8b465ee728b)
Start importing Assets/_GameDev/Prefabs/PickUps/Pickup_Potion.prefab using Guid(89bb9d9afd0345f40ad75f87e5dcfe2a) Importer(815301076,1909f56bfc062723c751e8b465ee728b) [PhysX] Initialized MultithreadedTaskDispatcher with 16 workers.
[PhysX] Initialized MultithreadedTaskDispatcher with 16 workers.
 -> (artifact id: '2290218fa780b48199b7d00ffbe279d0') in 0.023135 seconds
Number of updated asset objects reloaded before import = 0
Number of asset objects unloaded after import = 12
========================================================================
Received Import Request.
  Time since last request: 0.007952 seconds.
  path: Assets/_GameDev/Prefabs/PickUps/Pickup_PuzzlePiece.prefab
  artifactKey: Guid(713d8c8f85a044947b51030a770705f2) Importer(815301076,1909f56bfc062723c751e8b465ee728b)
Start importing Assets/_GameDev/Prefabs/PickUps/Pickup_PuzzlePiece.prefab using Guid(713d8c8f85a044947b51030a770705f2) Importer(815301076,1909f56bfc062723c751e8b465ee728b) [PhysX] Initialized MultithreadedTaskDispatcher with 16 workers.
[PhysX] Initialized MultithreadedTaskDispatcher with 16 workers.
 -> (artifact id: '1f248979a71defe38bc5e18531d88cd3') in 0.029771 seconds
Number of updated asset objects reloaded before import = 0
Number of asset objects unloaded after import = 10
========================================================================
Received Import Request.
  Time since last request: 0.000017 seconds.
  path: Assets/_GameDev/Prefabs/PickUps/Pickup_Scroll.prefab
  artifactKey: Guid(8c3e8a6c0add81c408edf72362f29685) Importer(815301076,1909f56bfc062723c751e8b465ee728b)
Start importing Assets/_GameDev/Prefabs/PickUps/Pickup_Scroll.prefab using Guid(8c3e8a6c0add81c408edf72362f29685) Importer(815301076,1909f56bfc062723c751e8b465ee728b) [PhysX] Initialized MultithreadedTaskDispatcher with 16 workers.
[PhysX] Initialized MultithreadedTaskDispatcher with 16 workers.
 -> (artifact id: '73cb7115f95791073e7b5b3f72ea000c') in 0.031666 seconds
Number of updated asset objects reloaded before import = 0
Number of asset objects unloaded after import = 17
========================================================================
Received Import Request.
  Time since last request: 0.188505 seconds.
  path: Assets/_GameDev/Models/Objects/Potion.fbx
  artifactKey: Guid(dffd1ce7f73a5fa4686de376e9b36c17) Importer(815301076,1909f56bfc062723c751e8b465ee728b)
Start importing Assets/_GameDev/Models/Objects/Potion.fbx using Guid(dffd1ce7f73a5fa4686de376e9b36c17) Importer(815301076,1909f56bfc062723c751e8b465ee728b) [PhysX] Initialized MultithreadedTaskDispatcher with 16 workers.
[PhysX] Initialized MultithreadedTaskDispatcher with 16 workers.
[PhysX] Initialized MultithreadedTaskDispatcher with 16 workers.
[PhysX] Initialized MultithreadedTaskDispatcher with 16 workers.
 -> (artifact id: '6710881104b494aa03e0fefd94788813') in 0.019840 seconds
Number of updated asset objects reloaded before import = 0
Number of asset objects unloaded after import = 9
========================================================================
Received Import Request.
  Time since last request: 0.034190 seconds.
  path: Assets/_GameDev/Models/Objects/Scroll.FBX
  artifactKey: Guid(f0ff36c0a3376b942af467d9cc9ad349) Importer(815301076,1909f56bfc062723c751e8b465ee728b)
Start importing Assets/_GameDev/Models/Objects/Scroll.FBX using Guid(f0ff36c0a3376b942af467d9cc9ad349) Importer(815301076,1909f56bfc062723c751e8b465ee728b) [PhysX] Initialized MultithreadedTaskDispatcher with 16 workers.
[PhysX] Initialized MultithreadedTaskDispatcher with 16 workers.
[PhysX] Initialized MultithreadedTaskDispatcher with 16 workers.
[PhysX] Initialized MultithreadedTaskDispatcher with 16 workers.
[PhysX] Initialized MultithreadedTaskDispatcher with 16 workers.
[PhysX] Initialized MultithreadedTaskDispatcher with 16 workers.
 -> (artifact id: 'b06163f3b1cbc90e427ef1b209741867') in 0.029763 seconds
Number of updated asset objects reloaded before import = 0
Number of asset objects unloaded after import = 14
========================================================================
Received Import Request.
  Time since last request: 0.000022 seconds.
  path: Assets/_GameDev/Models/Characters/SkeletonModel.fbx
  artifactKey: Guid(a0c184e9e8578c34d8d5c720292ba8fe) Importer(815301076,1909f56bfc062723c751e8b465ee728b)
Start importing Assets/_GameDev/Models/Characters/SkeletonModel.fbx using Guid(a0c184e9e8578c34d8d5c720292ba8fe) Importer(815301076,1909f56bfc062723c751e8b465ee728b) [PhysX] Initialized MultithreadedTaskDispatcher with 16 workers.
[PhysX] Initialized MultithreadedTaskDispatcher with 16 workers.
[PhysX] Initialized MultithreadedTaskDispatcher with 16 workers.
[PhysX] Initialized MultithreadedTaskDispatcher with 16 workers.
 -> (artifact id: '676ac70805871c8135392549b4df2573') in 0.024752 seconds
Number of updated asset objects reloaded before import = 0
Number of asset objects unloaded after import = 79
========================================================================
Received Import Request.
  Time since last request: 0.166840 seconds.
  path: Assets/_GameDev/Prefabs/Spheres/Sphere_BasketBall.prefab
  artifactKey: Guid(7d30528b317fe497a84da63a6796b1a2) Importer(815301076,1909f56bfc062723c751e8b465ee728b)
Start importing Assets/_GameDev/Prefabs/Spheres/Sphere_BasketBall.prefab using Guid(7d30528b317fe497a84da63a6796b1a2) Importer(815301076,1909f56bfc062723c751e8b465ee728b) [PhysX] Initialized MultithreadedTaskDispatcher with 16 workers.
[PhysX] Initialized MultithreadedTaskDispatcher with 16 workers.
 -> (artifact id: '286ae1a9d232fd42250fba47018153f9') in 0.025318 seconds
Number of updated asset objects reloaded before import = 0
Number of asset objects unloaded after import = 10
========================================================================
Received Import Request.
  Time since last request: 0.000022 seconds.
  path: Assets/_GameDev/Prefabs/Spheres/Sphere_BilliardBall.prefab
  artifactKey: Guid(22caa91c755804848964743c5e9f484d) Importer(815301076,1909f56bfc062723c751e8b465ee728b)
Start importing Assets/_GameDev/Prefabs/Spheres/Sphere_BilliardBall.prefab using Guid(22caa91c755804848964743c5e9f484d) Importer(815301076,1909f56bfc062723c751e8b465ee728b) [PhysX] Initialized MultithreadedTaskDispatcher with 16 workers.
[PhysX] Initialized MultithreadedTaskDispatcher with 16 workers.
 -> (artifact id: 'b9cadbc609be95bb64b17590c006d655') in 0.020541 seconds
Number of updated asset objects reloaded before import = 0
Number of asset objects unloaded after import = 9
========================================================================
Received Import Request.
  Time since last request: 0.000017 seconds.
  path: Assets/_GameDev/Prefabs/Spheres/Sphere_BowlingBall.prefab
  artifactKey: Guid(3668222efa12b49309cfcc03d1441133) Importer(815301076,1909f56bfc062723c751e8b465ee728b)
Start importing Assets/_GameDev/Prefabs/Spheres/Sphere_BowlingBall.prefab using Guid(3668222efa12b49309cfcc03d1441133) Importer(815301076,1909f56bfc062723c751e8b465ee728b) [PhysX] Initialized MultithreadedTaskDispatcher with 16 workers.
[PhysX] Initialized MultithreadedTaskDispatcher with 16 workers.
 -> (artifact id: '0549477dd02353dc4787939d860399d5') in 0.034087 seconds
Number of updated asset objects reloaded before import = 0
Number of asset objects unloaded after import = 11
========================================================================
Received Import Request.
  Time since last request: 0.205672 seconds.
  path: Assets/_GameDev/Prefabs/Spheres/Sphere_DinoEgg.prefab
  artifactKey: Guid(5557247e21c204729a5a046399328c2b) Importer(815301076,1909f56bfc062723c751e8b465ee728b)
Start importing Assets/_GameDev/Prefabs/Spheres/Sphere_DinoEgg.prefab using Guid(5557247e21c204729a5a046399328c2b) Importer(815301076,1909f56bfc062723c751e8b465ee728b) [PhysX] Initialized MultithreadedTaskDispatcher with 16 workers.
[PhysX] Initialized MultithreadedTaskDispatcher with 16 workers.
 -> (artifact id: 'bf9688c232d0e5de3b99e4ef6a7026be') in 0.036114 seconds
Number of updated asset objects reloaded before import = 0
Number of asset objects unloaded after import = 11
========================================================================
Received Import Request.
  Time since last request: 0.000018 seconds.
  path: Assets/_GameDev/Prefabs/Spheres/Sphere_EyeBall.prefab
  artifactKey: Guid(ae422d726fbee46a2902af780be30041) Importer(815301076,1909f56bfc062723c751e8b465ee728b)
Start importing Assets/_GameDev/Prefabs/Spheres/Sphere_EyeBall.prefab using Guid(ae422d726fbee46a2902af780be30041) Importer(815301076,1909f56bfc062723c751e8b465ee728b) [PhysX] Initialized MultithreadedTaskDispatcher with 16 workers.
[PhysX] Initialized MultithreadedTaskDispatcher with 16 workers.
 -> (artifact id: 'd620d5c3d7aaf78158e548e6dc3d9bd0') in 0.025518 seconds
Number of updated asset objects reloaded before import = 0
Number of asset objects unloaded after import = 10
========================================================================
Received Import Request.
  Time since last request: 0.000023 seconds.
  path: Assets/_GameDev/Prefabs/Spheres/Sphere_Panda.prefab
  artifactKey: Guid(0b2464c6fb35940c489832a30174280a) Importer(815301076,1909f56bfc062723c751e8b465ee728b)
Start importing Assets/_GameDev/Prefabs/Spheres/Sphere_Panda.prefab using Guid(0b2464c6fb35940c489832a30174280a) Importer(815301076,1909f56bfc062723c751e8b465ee728b) [PhysX] Initialized MultithreadedTaskDispatcher with 16 workers.
[PhysX] Initialized MultithreadedTaskDispatcher with 16 workers.
 -> (artifact id: 'af93b2082af3bde07f59a7e335d38a7b') in 0.033661 seconds
Number of updated asset objects reloaded before import = 0
Number of asset objects unloaded after import = 11
========================================================================
Received Import Request.
  Time since last request: 0.170416 seconds.
  path: Assets/_GameDev/Prefabs/Spheres/Sphere_RobotBall.prefab
  artifactKey: Guid(e48f68049472f43cda3b309d49b7f967) Importer(815301076,1909f56bfc062723c751e8b465ee728b)
Start importing Assets/_GameDev/Prefabs/Spheres/Sphere_RobotBall.prefab using Guid(e48f68049472f43cda3b309d49b7f967) Importer(815301076,1909f56bfc062723c751e8b465ee728b) [PhysX] Initialized MultithreadedTaskDispatcher with 16 workers.
[PhysX] Initialized MultithreadedTaskDispatcher with 16 workers.
 -> (artifact id: '0ac9b1773daa008dd214be55d27d104e') in 0.035692 seconds
Number of updated asset objects reloaded before import = 0
Number of asset objects unloaded after import = 11
========================================================================
Received Import Request.
  Time since last request: 0.000017 seconds.
  path: Assets/_GameDev/Prefabs/Spheres/Sphere_TennisBall.prefab
  artifactKey: Guid(ad2989e13a0784bbfbb9f43f13c45163) Importer(815301076,1909f56bfc062723c751e8b465ee728b)
Start importing Assets/_GameDev/Prefabs/Spheres/Sphere_TennisBall.prefab using Guid(ad2989e13a0784bbfbb9f43f13c45163) Importer(815301076,1909f56bfc062723c751e8b465ee728b) [PhysX] Initialized MultithreadedTaskDispatcher with 16 workers.
[PhysX] Initialized MultithreadedTaskDispatcher with 16 workers.
 -> (artifact id: '60ff2f8e41f27f0de271416e3faefd9c') in 0.034606 seconds
Number of updated asset objects reloaded before import = 0
Number of asset objects unloaded after import = 11
========================================================================
Received Import Request.
  Time since last request: 0.198761 seconds.
  path: Assets/_GameDev/Models/Objects/Tonic.fbx
  artifactKey: Guid(3364ee227ca18d44d9237f9e4380b0f8) Importer(815301076,1909f56bfc062723c751e8b465ee728b)
Start importing Assets/_GameDev/Models/Objects/Tonic.fbx using Guid(3364ee227ca18d44d9237f9e4380b0f8) Importer(815301076,1909f56bfc062723c751e8b465ee728b) [PhysX] Initialized MultithreadedTaskDispatcher with 16 workers.
[PhysX] Initialized MultithreadedTaskDispatcher with 16 workers.
[PhysX] Initialized MultithreadedTaskDispatcher with 16 workers.
[PhysX] Initialized MultithreadedTaskDispatcher with 16 workers.
 -> (artifact id: '5cbfabbd48d5b3188e5283934824fec5') in 0.017479 seconds
Number of updated asset objects reloaded before import = 0
Number of asset objects unloaded after import = 9
========================================================================
Received Import Request.
  Time since last request: 0.034186 seconds.
  path: Assets/_GameDev/Prefabs/VFX/VFX_ParticleSystem_Rain.prefab
  artifactKey: Guid(3cc5a597a38cf6c46bc374e7192b5cc1) Importer(815301076,1909f56bfc062723c751e8b465ee728b)
Start importing Assets/_GameDev/Prefabs/VFX/VFX_ParticleSystem_Rain.prefab using Guid(3cc5a597a38cf6c46bc374e7192b5cc1) Importer(815301076,1909f56bfc062723c751e8b465ee728b) [PhysX] Initialized MultithreadedTaskDispatcher with 16 workers.
[PhysX] Initialized MultithreadedTaskDispatcher with 16 workers.
 -> (artifact id: '2d6b3405736cbe8977f0dd8bc44d1c8c') in 0.022647 seconds
Number of updated asset objects reloaded before import = 0
Number of asset objects unloaded after import = 8
========================================================================
Received Import Request.
  Time since last request: 0.198661 seconds.
  path: Assets/_GameDev/Prefabs/VFX/VFX_ParticleSystem_Snow.prefab
  artifactKey: Guid(d798f79c5ecf9a74eaefec51b14f8d75) Importer(815301076,1909f56bfc062723c751e8b465ee728b)
Start importing Assets/_GameDev/Prefabs/VFX/VFX_ParticleSystem_Snow.prefab using Guid(d798f79c5ecf9a74eaefec51b14f8d75) Importer(815301076,1909f56bfc062723c751e8b465ee728b) [PhysX] Initialized MultithreadedTaskDispatcher with 16 workers.
[PhysX] Initialized MultithreadedTaskDispatcher with 16 workers.
 -> (artifact id: '4b546c4493c1bb74482170d5fdcc17b1') in 0.020327 seconds
Number of updated asset objects reloaded before import = 0
Number of asset objects unloaded after import = 8
========================================================================
Received Prepare
Caller must complete domain reload
Begin MonoManager ReloadAssembly
- Loaded All Assemblies, in  0.425 seconds
Native extension for WindowsStandalone target not found
Native extension for WebGL target not found
[Package Manager] Server::EnsureServerProcessIsRunning -- launch failed, reason: Unity was launched with the -noUpm command-line argument
[Package Manager] UpmClient::Send -- Unable to send message (not connected to UPM process).
[Package Manager] Cannot connect to Unity Package Manager local server
Mono: successfully reloaded assembly
- Finished resetting the current domain, in  0.923 seconds
Domain Reload Profiling: 1345ms
	BeginReloadAssembly (148ms)
		ExecutionOrderSort (0ms)
		DisableScriptedObjects (4ms)
		BackupInstance (0ms)
		ReleaseScriptingObjects (0ms)
		CreateAndSetChildDomain (28ms)
	RebuildCommonClasses (25ms)
	RebuildNativeTypeToScriptingClass (10ms)
	initialDomainReloadingComplete (29ms)
	LoadAllAssembliesAndSetupDomain (209ms)
		LoadAssemblies (281ms)
		RebuildTransferFunctionScriptingTraits (0ms)
		AnalyzeDomain (11ms)
			TypeCache.Refresh (5ms)
				TypeCache.ScanAssembly (0ms)
			ScanForSourceGeneratedMonoScriptInfo (0ms)
			ResolveRequiredComponents (4ms)
	FinalizeReload (924ms)
		ReleaseScriptCaches (0ms)
		RebuildScriptCaches (0ms)
		SetupLoadedEditorAssemblies (447ms)
			LogAssemblyErrors (0ms)
			InitializePlatformSupportModulesInManaged (9ms)
			SetLoadedEditorAssemblies (3ms)
			RefreshPlugins (0ms)
			BeforeProcessingInitializeOnLoad (67ms)
			ProcessInitializeOnLoadAttributes (336ms)
			ProcessInitializeOnLoadMethodAttributes (22ms)
			AfterProcessingInitializeOnLoad (10ms)
			EditorAssembliesLoaded (0ms)
		ExecutionOrderSort2 (0ms)
		AwakeInstancesAfterBackupRestoration (8ms)
Refreshing native plugins compatible for Editor in 4.79 ms, found 3 plugins.
Preloading 0 native plugins for Editor in 0.00 ms.
Unloading 3505 Unused Serialized files (Serialized files now loaded: 0)
Unloading 13 unused Assets / (27.7 KB). Loaded Objects now: 4049.
Memory consumption went from 134.8 MB to 134.7 MB.
Total: 2.268800 ms (FindLiveObjects: 0.219100 ms CreateObjectMapping: 0.103700 ms MarkObjects: 1.916000 ms  DeleteObjects: 0.029300 ms)

Prepare: number of updated asset objects reloaded= 0
AssetImportParameters requested are different than current active one (requested -> active):
  custom:container-demuxer-ogg: 62fdf1f143b41e24485cea50d1cbac27 -> 
  custom:video-decoder-ogg-theora: a1e56fd34408186e4bbccfd4996cb3dc -> 
  custom:framework-win-MediaFoundation: 216162199b28c13a410421893ffa2e32 -> 
  custom:CustomObjectIndexerAttribute: 9a22284fe3817be447336de3de66b15e -> 
  custom:container-demuxer-webm: 4f35f7cbe854078d1ac9338744f61a02 -> 
  custom:container-muxer-webm: aa71ff27fc2769a1b78a27578f13a17b -> 
  custom:video-decoder-webm-vp8: 9c59270c3fd7afecdb556c50c9e8de78 -> 
  custom:SearchIndexIgnoredProperties: e643bd26f0fe6173181afceb89e7c659 -> 
  custom:AudioImporter_EditorPlatform: d09bf68614088b80899f8185d706f6e7 -> 
  custom:video-encoder-webm-vp8: eb34c28f22e8b96e1ab97ce403110664 -> 
  custom:audio-decoder-ogg-vorbis: bf7c407c2cedff20999df2af8eb42d56 -> 
  custom:audio-encoder-webm-vorbis: bf7c407c2cedff20999df2af8eb42d56 -> 
Editor requested this worker to shutdown with reason: Scaling down because of idle timeout
TcpMessagingSession - receive error: operation aborted. errorcode: 995, details: The I/O operation has been aborted because of either a thread exit or an application request.
AssetImportWorker is now disconnected from the server
Process exiting
Exiting without the bug reporter. Application will terminate with return code 0